#
# A fatal error has been detected by the Java Runtime Environment:
#
#  Internal Error (javaClasses.cpp:136), pid=9024, tid=7944
#  fatal error: Invalid layout of preloaded class
#
# JRE version:  (7.0_45-b18) (build )
# Java VM: Java HotSpot(TM) 64-Bit Server VM (24.45-b08 mixed mode windows-amd64 compressed oops)
# Failed to write core dump. Minidumps are not enabled by default on client versions of Windows
#
# If you would like to submit a bug report, please visit:
#   http://bugreport.sun.com/bugreport/crash.jsp
#

---------------  T H R E A D  ---------------

Current thread (0x000000000235e000):  JavaThread "Unknown thread" [_thread_in_vm, id=7944, stack(0x0000000002640000,0x0000000002740000)]

Stack: [0x0000000002640000,0x0000000002740000]

---------------  P R O C E S S  ---------------

Java Threads: ( => current thread )

Other Threads:

=>0x000000000235e000 (exited) JavaThread "Unknown thread" [_thread_in_vm, id=7944, stack(0x0000000002640000,0x0000000002740000)]

VM state:not at safepoint (not fully initialized)

VM Mutex/Monitor currently owned by a thread: None

GC Heap History (0 events):
No events

Deoptimization events (0 events):
No events

Internal exceptions (0 events):
No events

Events (10 events):
Event: 0.010 loading class 0x000000000221cc30 done
Event: 0.010 loading class 0x000000000221c650 done
Event: 0.010 loading class 0x000000000221c630
Event: 0.010 loading class 0x0000000002224730
Event: 0.010 loading class 0x0000000002224730 done
Event: 0.010 loading class 0x0000000002224760
Event: 0.010 loading class 0x0000000002224760 done
Event: 0.010 loading class 0x0000000002224790
Event: 0.010 loading class 0x0000000002224790 done
Event: 0.010 loading class 0x000000000221c630 done


Dynamic libraries:
0x000000013f4e0000 - 0x000000013f513000 	C:\Program Files\Java\jre7\bin\javaw.exe
0x00000000773f0000 - 0x0000000077599000 	C:\Windows\SYSTEM32\ntdll.dll
0x00000000771d0000 - 0x00000000772ef000 	C:\Windows\system32\kernel32.dll
0x000007fefd3d0000 - 0x000007fefd43c000 	C:\Windows\system32\KERNELBASE.dll
0x000007fefd6a0000 - 0x000007fefd77b000 	C:\Windows\system32\ADVAPI32.dll
0x000007fefdad0000 - 0x000007fefdb6f000 	C:\Windows\system32\msvcrt.dll
0x000007fefe2f0000 - 0x000007fefe30f000 	C:\Windows\SYSTEM32\sechost.dll
0x000007fefe1c0000 - 0x000007fefe2ed000 	C:\Windows\system32\RPCRT4.dll
0x00000000772f0000 - 0x00000000773ea000 	C:\Windows\system32\USER32.dll
0x000007fefd610000 - 0x000007fefd677000 	C:\Windows\system32\GDI32.dll
0x000007fefe310000 - 0x000007fefe31e000 	C:\Windows\system32\LPK.dll
0x000007fefd780000 - 0x000007fefd849000 	C:\Windows\system32\USP10.dll
0x000007fefb890000 - 0x000007fefba84000 	C:\Windows\WinSxS\amd64_microsoft.windows.common-controls_6595b64144ccf1df_6.0.7601.17514_none_fa396087175ac9ac\COMCTL32.dll
0x000007fefdb70000 - 0x000007fefdbe1000 	C:\Windows\system32\SHLWAPI.dll
0x000007fefd5e0000 - 0x000007fefd60e000 	C:\Windows\system32\IMM32.DLL
0x000007fefe0a0000 - 0x000007fefe1a9000 	C:\Windows\system32\MSCTF.dll
0x0000000057760000 - 0x0000000057832000 	C:\Program Files\Java\jre7\bin\msvcr100.dll
0x0000000056f90000 - 0x0000000057759000 	C:\Program Files\Java\jre7\bin\server\jvm.dll
0x000007fef1d70000 - 0x000007fef1d79000 	C:\Windows\system32\WSOCK32.dll
0x000007feff6b0000 - 0x000007feff6fd000 	C:\Windows\system32\WS2_32.dll
0x000007fefe1b0000 - 0x000007fefe1b8000 	C:\Windows\system32\NSI.dll
0x000007fef8b70000 - 0x000007fef8bab000 	C:\Windows\system32\WINMM.dll
0x00000000775b0000 - 0x00000000775b7000 	C:\Windows\system32\PSAPI.DLL
0x0000000069990000 - 0x000000006999f000 	C:\Program Files\Java\jre7\bin\verify.dll
0x00000000578f0000 - 0x0000000057918000 	C:\Program Files\Java\jre7\bin\java.dll
0x000000005b540000 - 0x000000005b555000 	C:\Program Files\Java\jre7\bin\zip.dll

VM Arguments:
jvm_args: -Dfile.encoding=Cp1252 -Xbootclasspath:C:\Users\Leon\Desktop\eclipseAndroid44\sdk\platforms\android-19\android.jar 
java_command: nl.stoux.schucklechat.chatdata.Chat
Launcher Type: SUN_STANDARD

Environment Variables:
JAVA_HOME=C:\Program Files\Java\jdk1.7.0_17\
PATH=C:\Python27\;C:\Python27\Scripts;C:\Program Files (x86)\NVIDIA Corporation\PhysX\Common;C:\Program Files\Common Files\Microsoft Shared\Windows Live;C:\Program Files (x86)\AMD APP\bin\x86_64;C:\Program Files (x86)\AMD APP\bin\x86;C:\Windows\system32;C:\Windows;C:\Windows\System32\Wbem;C:\Windows\System32\WindowsPowerShell\v1.0\;C:\Program Files (x86)\ATI Technologies\ATI.ACE\Core-Static;C:\Program Files (x86)\Windows Kits\8.1\Windows Performance Toolkit\;C:\Program Files\Microsoft SQL Server\110\Tools\Binn\;C:\Program Files\nodejs\;C:\Program Files (x86)\Git\cmd;C:\Program Files (x86)\Git\bin;C:\Python27\;C:\Python27\Scripts;C:\Program Files (x86)\NVIDIA Corporation\PhysX\Common;C:\Program Files\Common Files\Microsoft Shared\Windows Live;C:\Program Files (x86)\AMD APP\bin\x86_64;C:\Program Files (x86)\AMD APP\bin\x86;C:\Windows\system32;C:\Windows;C:\Windows\System32\Wbem;C:\Windows\System32\WindowsPowerShell\v1.0\;C:\Program Files (x86)\ATI Technologies\ATI.ACE\Core-Static;C:\Users\Leon\AppData\Roaming\Python\Scripts;C:\Program Files\Common Files\Microsoft Shared\Windows Live;C:\Users\Leon\AppData\Roaming\npm
USERNAME=Leon
OS=Windows_NT
PROCESSOR_IDENTIFIER=AMD64 Family 16 Model 4 Stepping 3, AuthenticAMD



---------------  S Y S T E M  ---------------

OS: Windows 7 , 64 bit Build 7601 Service Pack 1

CPU:total 4 (4 cores per cpu, 1 threads per core) family 16 model 4 stepping 3, cmov, cx8, fxsr, mmx, sse, sse2, sse3, popcnt, mmxext, 3dnowpref, lzcnt, sse4a, tsc, tscinvbit, tscinv

Memory: 4k page, physical 16776504k(11514232k free), swap 33551144k(27347480k free)

vm_info: Java HotSpot(TM) 64-Bit Server VM (24.45-b08) for windows-amd64 JRE (1.7.0_45-b18), built on Oct  8 2013 05:47:22 by "java_re" with unknown MS VC++:1600

time: Tue Jun 03 18:06:28 2014
elapsed time: 0 seconds

